Library/Bee/Android/Prj/IL2CPP/Gradle/launcher/build/intermediates/manifest_merge_blame_file/release/manifest-merger-blame-release-report.txt
1<?xml version="1.0" encoding="utf-8"?>
2<manifest xmlns:android="http://schemas.android.com/apk/res/android"
3    package="com.DefaultCompany.JoyTime"
4    android:installLocation="preferExternal"
5    android:versionCode="1"
6    android:versionName="0.1" >
7
8    <uses-sdk
9        android:minSdkVersion="23"
9-->src\main\AndroidManifest.xml
10        android:targetSdkVersion="32" />
10-->src\main\AndroidManifest.xml
11
12    <supports-screens
12-->src\main\AndroidManifest.xml:4:3-163
13        android:anyDensity="true"
13-->src\main\AndroidManifest.xml:4:135-160
14        android:largeScreens="true"
14-->src\main\AndroidManifest.xml:4:78-105
15        android:normalScreens="true"
15-->src\main\AndroidManifest.xml:4:49-77
16        android:smallScreens="true"
16-->src\main\AndroidManifest.xml:4:21-48
17        android:xlargeScreens="true" />
17-->src\main\AndroidManifest.xml:4:106-134
18
19    <supports-gl-texture android:name="GL_KHR_texture_compression_astc_ldr" />
19-->[:unityLibrary] AndroidManifest.xml:10:5-79
19-->[:unityLibrary] AndroidManifest.xml:10:26-76
20
21    <uses-permission android:name="android.permission.INTERNET" />
21-->[:unityLibrary] AndroidManifest.xml:12:5-67
21-->[:unityLibrary] AndroidManifest.xml:12:22-64
22
23    <uses-feature
23-->[:unityLibrary] AndroidManifest.xml:14:5-16:35
24        android:name="android.hardware.vulkan.version"
24-->[:unityLibrary] AndroidManifest.xml:15:9-55
25        android:required="true" />
25-->[:unityLibrary] AndroidManifest.xml:16:9-32
26    <uses-feature
26-->[:unityLibrary] AndroidManifest.xml:17:5-19:36
27        android:name="android.hardware.touchscreen"
27-->[:unityLibrary] AndroidManifest.xml:18:9-52
28        android:required="false" />
28-->[:unityLibrary] AndroidManifest.xml:19:9-33
29    <uses-feature
29-->[:unityLibrary] AndroidManifest.xml:20:5-22:36
30        android:name="android.hardware.touchscreen.multitouch"
30-->[:unityLibrary] AndroidManifest.xml:21:9-63
31        android:required="false" />
31-->[:unityLibrary] AndroidManifest.xml:22:9-33
32    <uses-feature
32-->[:unityLibrary] AndroidManifest.xml:23:5-25:36
33        android:name="android.hardware.touchscreen.multitouch.distinct"
33-->[:unityLibrary] AndroidManifest.xml:24:9-72
34        android:required="false" />
34-->[:unityLibrary] AndroidManifest.xml:25:9-33
35    <uses-feature
35-->[:unityLibrary:xrmanifest.androidlib] AndroidManifest.xml:9:5-12:31
36        android:name="android.hardware.vr.headtracking"
36-->[:unityLibrary:xrmanifest.androidlib] AndroidManifest.xml:10:9-56
37        android:required="true"
37-->[:unityLibrary:xrmanifest.androidlib] AndroidManifest.xml:11:9-32
38        android:version="1" />
38-->[:unityLibrary:xrmanifest.androidlib] AndroidManifest.xml:12:9-28
39
40    <application
40-->src\main\AndroidManifest.xml:3:3-83
41        android:extractNativeLibs="true"
41-->[:unityLibrary] AndroidManifest.xml:27:18-50
42        android:icon="@mipmap/app_icon"
42-->src\main\AndroidManifest.xml:3:49-80
43        android:label="@string/app_name" >
43-->src\main\AndroidManifest.xml:3:16-48
44        <meta-data
44-->[:unityLibrary] AndroidManifest.xml:28:9-30:33
45            android:name="unity.splash-mode"
45-->[:unityLibrary] AndroidManifest.xml:29:13-45
46            android:value="0" />
46-->[:unityLibrary] AndroidManifest.xml:30:13-30
47        <meta-data
47-->[:unityLibrary] AndroidManifest.xml:31:9-33:36
48            android:name="unity.splash-enable"
48-->[:unityLibrary] AndroidManifest.xml:32:13-47
49            android:value="True" />
49-->[:unityLibrary] AndroidManifest.xml:33:13-33
50        <meta-data
50-->[:unityLibrary] AndroidManifest.xml:34:9-36:36
51            android:name="unity.launch-fullscreen"
51-->[:unityLibrary] AndroidManifest.xml:35:13-51
52            android:value="True" />
52-->[:unityLibrary] AndroidManifest.xml:36:13-33
53        <meta-data
53-->[:unityLibrary] AndroidManifest.xml:37:9-39:37
54            android:name="unity.allow-resizable-window"
54-->[:unityLibrary] AndroidManifest.xml:38:13-56
55            android:value="False" />
55-->[:unityLibrary] AndroidManifest.xml:39:13-34
56        <meta-data
56-->[:unityLibrary] AndroidManifest.xml:40:9-42:50
57            android:name="notch.config"
57-->[:unityLibrary] AndroidManifest.xml:41:13-40
58            android:value="portrait|landscape" />
58-->[:unityLibrary] AndroidManifest.xml:42:13-47
59        <meta-data
59-->[:unityLibrary] AndroidManifest.xml:43:9-45:36
60            android:name="unity.auto-report-fully-drawn"
60-->[:unityLibrary] AndroidManifest.xml:44:13-57
61            android:value="true" />
61-->[:unityLibrary] AndroidManifest.xml:45:13-33
62
63        <activity
63-->[:unityLibrary] AndroidManifest.xml:47:9-70:20
64            android:name="com.unity3d.player.UnityPlayerActivity"
64-->[:unityLibrary] AndroidManifest.xml:48:13-66
65            android:configChanges="mcc|mnc|locale|touchscreen|keyboard|keyboardHidden|navigation|orientation|screenLayout|uiMode|screenSize|smallestScreenSize|fontScale|layoutDirection|density"
65-->[:unityLibrary] AndroidManifest.xml:49:13-194
66            android:exported="true"
66-->[:unityLibrary] AndroidManifest.xml:50:13-36
67            android:hardwareAccelerated="false"
67-->[:unityLibrary] AndroidManifest.xml:51:13-48
68            android:launchMode="singleTask"
68-->[:unityLibrary] AndroidManifest.xml:52:13-44
69            android:resizeableActivity="false"
69-->[:unityLibrary] AndroidManifest.xml:53:13-47
70            android:screenOrientation="fullUser"
70-->[:unityLibrary] AndroidManifest.xml:54:13-49
71            android:theme="@style/UnityThemeSelector" >
71-->[:unityLibrary] AndroidManifest.xml:55:13-54
72            <intent-filter>
72-->[:unityLibrary] AndroidManifest.xml:56:13-62:29
73                <category android:name="android.intent.category.LAUNCHER" />
73-->[:unityLibrary] AndroidManifest.xml:57:17-77
73-->[:unityLibrary] AndroidManifest.xml:57:27-74
74
75                <action android:name="android.intent.action.MAIN" />
75-->[:unityLibrary] AndroidManifest.xml:59:17-69
75-->[:unityLibrary] AndroidManifest.xml:59:25-66
76
77                <category android:name="com.oculus.intent.category.VR" />
77-->[:unityLibrary] AndroidManifest.xml:61:17-74
77-->[:unityLibrary] AndroidManifest.xml:61:27-71
78            </intent-filter>
79
80            <meta-data
80-->[:unityLibrary] AndroidManifest.xml:64:13-66:40
81                android:name="unityplayer.UnityActivity"
81-->[:unityLibrary] AndroidManifest.xml:65:17-57
82                android:value="true" />
82-->[:unityLibrary] AndroidManifest.xml:66:17-37
83            <meta-data
83-->[:unityLibrary] AndroidManifest.xml:67:13-69:40
84                android:name="notch_support"
84-->[:unityLibrary] AndroidManifest.xml:68:17-45
85                android:value="true" />
85-->[:unityLibrary] AndroidManifest.xml:69:17-37
86            <meta-data
86-->[:unityLibrary:xrmanifest.androidlib] AndroidManifest.xml:16:13-18:40
87                android:name="com.oculus.vr.focusaware"
87-->[:unityLibrary:xrmanifest.androidlib] AndroidManifest.xml:17:17-56
88                android:value="true" />
88-->[:unityLibrary:xrmanifest.androidlib] AndroidManifest.xml:18:17-37
89        </activity>
90
91        <meta-data
91-->[:unityLibrary:xrmanifest.androidlib] AndroidManifest.xml:21:9-23:52
92            android:name="com.oculus.supportedDevices"
92-->[:unityLibrary:xrmanifest.androidlib] AndroidManifest.xml:22:13-55
93            android:value="quest|quest2|cambria" />
93-->[:unityLibrary:xrmanifest.androidlib] AndroidManifest.xml:23:13-49
94    </application>
95
96</manifest>